Build started 13/06/2013 09:23:20.
     1>Project "C:\Users\YoubiIdrissi\Badr\Informatique\Programming\C++\TutorialFiles\oglsuperbible5-read-only\freeglut-2.6.0\VisualStudio2008\Lorenz\Lorenz.vcxproj" on node 3 (build target(s)).
     1>InitializeBuildStatus:
         Creating "Debug\Lorenz.unsuccessfulbuild" because "AlwaysCreate" was specified.
       ClCompile:
         c:\Program Files (x86)\Microsoft Visual Studio 10.0\VC\bin\CL.exe /c /I..\..\include /ZI /nologo /W3 /WX- /Od /Oy- /D WIN32 /D _DEBUG /D _CONSOLE /D _UNICODE /D UNICODE /Gm /EHsc /RTC1 /MDd /GS /fp:precise /Zc:wchar_t /Zc:forScope /Fo"Debug\\" /Fd"Debug\vc100.pdb" /Gd /TC /analyze- /errorReport:prompt ..\..\progs\demos\Lorenz\lorenz.c
         lorenz.c
     1>c:\users\youbiidrissi\badr\informatique\programming\c++\tutorialfiles\oglsuperbible5-read-only\freeglut-2.6.0\progs\demos\lorenz\lorenz.c(157): warning C4996: 'sscanf': This function or variable may be unsafe. Consider using sscanf_s instead. To disable deprecation, use _CRT_SECURE_NO_WARNINGS. See online help for details.
                 c:\program files (x86)\microsoft visual studio 10.0\vc\include\stdio.h(325) : see declaration of 'sscanf'
     1>c:\users\youbiidrissi\badr\informatique\programming\c++\tutorialfiles\oglsuperbible5-read-only\freeglut-2.6.0\progs\demos\lorenz\lorenz.c(161): warning C4996: 'sscanf': This function or variable may be unsafe. Consider using sscanf_s instead. To disable deprecation, use _CRT_SECURE_NO_WARNINGS. See online help for details.
                 c:\program files (x86)\microsoft visual studio 10.0\vc\include\stdio.h(325) : see declaration of 'sscanf'
     1>c:\users\youbiidrissi\badr\informatique\programming\c++\tutorialfiles\oglsuperbible5-read-only\freeglut-2.6.0\progs\demos\lorenz\lorenz.c(165): warning C4996: 'sscanf': This function or variable may be unsafe. Consider using sscanf_s instead. To disable deprecation, use _CRT_SECURE_NO_WARNINGS. See online help for details.
                 c:\program files (x86)\microsoft visual studio 10.0\vc\include\stdio.h(325) : see declaration of 'sscanf'
     1>c:\users\youbiidrissi\badr\informatique\programming\c++\tutorialfiles\oglsuperbible5-read-only\freeglut-2.6.0\progs\demos\lorenz\lorenz.c(253): warning C4996: '_vsnprintf': This function or variable may be unsafe. Consider using _vsnprintf_s instead. To disable deprecation, use _CRT_SECURE_NO_WARNINGS. See online help for details.
                 c:\program files (x86)\microsoft visual studio 10.0\vc\include\stdio.h(363) : see declaration of '_vsnprintf'
       ManifestResourceCompile:
         C:\Program Files (x86)\Microsoft SDKs\Windows\v7.0A\bin\rc.exe /nologo /fo"Debug\Lorenz.exe.embed.manifest.res" Debug\Lorenz_manifest.rc 
       Link:
         c:\Program Files (x86)\Microsoft Visual Studio 10.0\VC\bin\link.exe /ERRORREPORT:PROMPT /OUT:"C:\Users\YoubiIdrissi\Badr\Informatique\Programming\C++\TutorialFiles\oglsuperbible5-read-only\freeglut-2.6.0\VisualStudio2008\Debug\Lorenz.exe" /INCREMENTAL /NOLOGO kernel32.lib user32.lib gdi32.lib winspool.lib comdlg32.lib advapi32.lib shell32.lib ole32.lib oleaut32.lib uuid.lib odbc32.lib odbccp32.lib /MANIFEST /ManifestFile:"Debug\Lorenz.exe.intermediate.manifest" /MANIFESTUAC:"level='asInvoker' uiAccess='false'" /DEBUG /PDB:"C:\Users\YoubiIdrissi\Badr\Informatique\Programming\C++\TutorialFiles\oglsuperbible5-read-only\freeglut-2.6.0\VisualStudio2008\Debug\Lorenz.pdb" /SUBSYSTEM:CONSOLE /TLBID:1 /DYNAMICBASE /NXCOMPAT /IMPLIB:"C:\Users\YoubiIdrissi\Badr\Informatique\Programming\C++\TutorialFiles\oglsuperbible5-read-only\freeglut-2.6.0\VisualStudio2008\Debug\Lorenz.lib" /MACHINE:X86 Debug\Lorenz.exe.embed.manifest.res
         Debug\lorenz.obj
         "C:\Users\YoubiIdrissi\Badr\Informatique\Programming\C++\TutorialFiles\oglsuperbible5-read-only\freeglut-2.6.0\VisualStudio2008\Debug\freeglut.lib"
       Manifest:
         C:\Program Files (x86)\Microsoft SDKs\Windows\v7.0A\bin\mt.exe /nologo /verbose /out:"Debug\Lorenz.exe.embed.manifest" /manifest Debug\Lorenz.exe.intermediate.manifest
         C:\Program Files (x86)\Microsoft SDKs\Windows\v7.0A\bin\rc.exe /nologo /fo"Debug\Lorenz.exe.embed.manifest.res" Debug\Lorenz_manifest.rc 
       LinkEmbedManifest:
         c:\Program Files (x86)\Microsoft Visual Studio 10.0\VC\bin\link.exe /ERRORREPORT:PROMPT /OUT:"C:\Users\YoubiIdrissi\Badr\Informatique\Programming\C++\TutorialFiles\oglsuperbible5-read-only\freeglut-2.6.0\VisualStudio2008\Debug\Lorenz.exe" /INCREMENTAL /NOLOGO kernel32.lib user32.lib gdi32.lib winspool.lib comdlg32.lib advapi32.lib shell32.lib ole32.lib oleaut32.lib uuid.lib odbc32.lib odbccp32.lib /MANIFEST /ManifestFile:"Debug\Lorenz.exe.intermediate.manifest" /MANIFESTUAC:"level='asInvoker' uiAccess='false'" /DEBUG /PDB:"C:\Users\YoubiIdrissi\Badr\Informatique\Programming\C++\TutorialFiles\oglsuperbible5-read-only\freeglut-2.6.0\VisualStudio2008\Debug\Lorenz.pdb" /SUBSYSTEM:CONSOLE /TLBID:1 /DYNAMICBASE /NXCOMPAT /IMPLIB:"C:\Users\YoubiIdrissi\Badr\Informatique\Programming\C++\TutorialFiles\oglsuperbible5-read-only\freeglut-2.6.0\VisualStudio2008\Debug\Lorenz.lib" /MACHINE:X86 Debug\Lorenz.exe.embed.manifest.res
         Debug\lorenz.obj
         "C:\Users\YoubiIdrissi\Badr\Informatique\Programming\C++\TutorialFiles\oglsuperbible5-read-only\freeglut-2.6.0\VisualStudio2008\Debug\freeglut.lib"
         Lorenz.vcxproj -> C:\Users\YoubiIdrissi\Badr\Informatique\Programming\C++\TutorialFiles\oglsuperbible5-read-only\freeglut-2.6.0\VisualStudio2008\Debug\Lorenz.exe
       FinalizeBuildStatus:
         Deleting file "Debug\Lorenz.unsuccessfulbuild".
         Touching "Debug\Lorenz.lastbuildstate".
     1>Done Building Project "C:\Users\YoubiIdrissi\Badr\Informatique\Programming\C++\TutorialFiles\oglsuperbible5-read-only\freeglut-2.6.0\VisualStudio2008\Lorenz\Lorenz.vcxproj" (build target(s)).

Build succeeded.

Time Elapsed 00:00:01.29
