Build started 13/06/2013 09:23:22.
     1>Project "C:\Users\YoubiIdrissi\Badr\Informatique\Programming\C++\TutorialFiles\oglsuperbible5-read-only\freeglut-2.6.0\VisualStudio2008\smooth_opengl3\smooth_opengl3.vcxproj" on node 3 (build target(s)).
     1>InitializeBuildStatus:
         Creating "Debug\smooth_opengl3.unsuccessfulbuild" because "AlwaysCreate" was specified.
       ClCompile:
         c:\Program Files (x86)\Microsoft Visual Studio 10.0\VC\bin\CL.exe /c /I..\..\include /ZI /nologo /W3 /WX- /Od /Oy- /D WIN32 /D _DEBUG /D _CONSOLE /D _UNICODE /D UNICODE /Gm /EHsc /RTC1 /MDd /GS /fp:precise /Zc:wchar_t /Zc:forScope /Fo"Debug\\" /Fd"Debug\vc100.pdb" /Gd /TC /analyze- /errorReport:prompt ..\..\progs\demos\smooth_opengl3\smooth_opengl3.c
         smooth_opengl3.c
       ManifestResourceCompile:
         C:\Program Files (x86)\Microsoft SDKs\Windows\v7.0A\bin\rc.exe /nologo /fo"Debug\smooth_opengl3.exe.embed.manifest.res" Debug\smooth_opengl3_manifest.rc 
       Link:
         c:\Program Files (x86)\Microsoft Visual Studio 10.0\VC\bin\link.exe /ERRORREPORT:PROMPT /OUT:"C:\Users\YoubiIdrissi\Badr\Informatique\Programming\C++\TutorialFiles\oglsuperbible5-read-only\freeglut-2.6.0\VisualStudio2008\Debug\smooth_opengl3.exe" /INCREMENTAL /NOLOGO kernel32.lib user32.lib gdi32.lib winspool.lib comdlg32.lib advapi32.lib shell32.lib ole32.lib oleaut32.lib uuid.lib odbc32.lib odbccp32.lib /MANIFEST /ManifestFile:"Debug\smooth_opengl3.exe.intermediate.manifest" /MANIFESTUAC:"level='asInvoker' uiAccess='false'" /DEBUG /PDB:"C:\Users\YoubiIdrissi\Badr\Informatique\Programming\C++\TutorialFiles\oglsuperbible5-read-only\freeglut-2.6.0\VisualStudio2008\Debug\smooth_opengl3.pdb" /SUBSYSTEM:CONSOLE /TLBID:1 /DYNAMICBASE /NXCOMPAT /IMPLIB:"C:\Users\YoubiIdrissi\Badr\Informatique\Programming\C++\TutorialFiles\oglsuperbible5-read-only\freeglut-2.6.0\VisualStudio2008\Debug\smooth_opengl3.lib" /MACHINE:X86 Debug\smooth_opengl3.exe.embed.manifest.res
         Debug\smooth_opengl3.obj
         "C:\Users\YoubiIdrissi\Badr\Informatique\Programming\C++\TutorialFiles\oglsuperbible5-read-only\freeglut-2.6.0\VisualStudio2008\Debug\freeglut.lib"
       Manifest:
         C:\Program Files (x86)\Microsoft SDKs\Windows\v7.0A\bin\mt.exe /nologo /verbose /out:"Debug\smooth_opengl3.exe.embed.manifest" /manifest Debug\smooth_opengl3.exe.intermediate.manifest
         C:\Program Files (x86)\Microsoft SDKs\Windows\v7.0A\bin\rc.exe /nologo /fo"Debug\smooth_opengl3.exe.embed.manifest.res" Debug\smooth_opengl3_manifest.rc 
       LinkEmbedManifest:
         c:\Program Files (x86)\Microsoft Visual Studio 10.0\VC\bin\link.exe /ERRORREPORT:PROMPT /OUT:"C:\Users\YoubiIdrissi\Badr\Informatique\Programming\C++\TutorialFiles\oglsuperbible5-read-only\freeglut-2.6.0\VisualStudio2008\Debug\smooth_opengl3.exe" /INCREMENTAL /NOLOGO kernel32.lib user32.lib gdi32.lib winspool.lib comdlg32.lib advapi32.lib shell32.lib ole32.lib oleaut32.lib uuid.lib odbc32.lib odbccp32.lib /MANIFEST /ManifestFile:"Debug\smooth_opengl3.exe.intermediate.manifest" /MANIFESTUAC:"level='asInvoker' uiAccess='false'" /DEBUG /PDB:"C:\Users\YoubiIdrissi\Badr\Informatique\Programming\C++\TutorialFiles\oglsuperbible5-read-only\freeglut-2.6.0\VisualStudio2008\Debug\smooth_opengl3.pdb" /SUBSYSTEM:CONSOLE /TLBID:1 /DYNAMICBASE /NXCOMPAT /IMPLIB:"C:\Users\YoubiIdrissi\Badr\Informatique\Programming\C++\TutorialFiles\oglsuperbible5-read-only\freeglut-2.6.0\VisualStudio2008\Debug\smooth_opengl3.lib" /MACHINE:X86 Debug\smooth_opengl3.exe.embed.manifest.res
         Debug\smooth_opengl3.obj
         "C:\Users\YoubiIdrissi\Badr\Informatique\Programming\C++\TutorialFiles\oglsuperbible5-read-only\freeglut-2.6.0\VisualStudio2008\Debug\freeglut.lib"
         smooth_opengl3.vcxproj -> C:\Users\YoubiIdrissi\Badr\Informatique\Programming\C++\TutorialFiles\oglsuperbible5-read-only\freeglut-2.6.0\VisualStudio2008\Debug\smooth_opengl3.exe
       FinalizeBuildStatus:
         Deleting file "Debug\smooth_opengl3.unsuccessfulbuild".
         Touching "Debug\smooth_opengl3.lastbuildstate".
     1>Done Building Project "C:\Users\YoubiIdrissi\Badr\Informatique\Programming\C++\TutorialFiles\oglsuperbible5-read-only\freeglut-2.6.0\VisualStudio2008\smooth_opengl3\smooth_opengl3.vcxproj" (build target(s)).

Build succeeded.

Time Elapsed 00:00:00.98
