Build started 13/06/2013 09:23:15.
     1>Project "C:\Users\YoubiIdrissi\Badr\Informatique\Programming\C++\TutorialFiles\oglsuperbible5-read-only\freeglut-2.6.0\VisualStudio2008\freeglut.vcxproj" on node 2 (build target(s)).
     1>InitializeBuildStatus:
         Creating "Debug\freeglut.unsuccessfulbuild" because "AlwaysCreate" was specified.
       ClCompile:
         c:\Program Files (x86)\Microsoft Visual Studio 10.0\VC\bin\CL.exe /c /I..\include /ZI /nologo /W3 /WX- /Od /Oy- /D _DEBUG /D WIN32 /D _WINDOWS /D _USRDLL /D FREEGLUT_EXPORTS /D _WINDLL /D _MBCS /Gm /EHsc /RTC1 /MTd /GS /fp:precise /Zc:wchar_t /Zc:forScope /Fo"Debug\\" /Fd"Debug\vc100.pdb" /Gd /TC /analyze- /errorReport:prompt ..\src\freeglut_callbacks.c ..\src\freeglut_cursor.c ..\src\freeglut_display.c ..\src\freeglut_ext.c ..\src\freeglut_font.c ..\src\freeglut_font_data.c ..\src\freeglut_gamemode.c ..\src\freeglut_geometry.c ..\src\freeglut_glutfont_definitions.c ..\src\freeglut_init.c ..\src\freeglut_input_devices.c ..\src\freeglut_joystick.c ..\src\freeglut_main.c ..\src\freeglut_menu.c ..\src\freeglut_misc.c ..\src\freeglut_overlay.c ..\src\freeglut_spaceball.c ..\src\freeglut_state.c ..\src\freeglut_stroke_mono_roman.c ..\src\freeglut_stroke_roman.c ..\src\freeglut_structure.c ..\src\freeglut_teapot.c ..\src\freeglut_videoresize.c ..\src\freeglut_window.c /D "_CRT_SECURE_CPP_OVERLOAD_STANDARD_NAMES" 
         freeglut_window.c
         fgSetupPixelFormat(): there is still some work to do here!
         freeglut_videoresize.c
         freeglut_teapot.c
         freeglut_structure.c
         freeglut_stroke_roman.c
         freeglut_stroke_mono_roman.c
         freeglut_state.c
         freeglut_spaceball.c
         freeglut_overlay.c
         freeglut_misc.c
         freeglut_menu.c
         freeglut_main.c
         freeglut_joystick.c
     1>c:\users\youbiidrissi\badr\informatique\programming\c++\tutorialfiles\oglsuperbible5-read-only\freeglut-2.6.0\src\freeglut_joystick.c(1021): warning C4996: '_snprintf': This function or variable may be unsafe. Consider using _snprintf_s instead. To disable deprecation, use _CRT_SECURE_NO_WARNINGS. See online help for details.
                 c:\program files (x86)\microsoft visual studio 10.0\vc\include\stdio.h(363) : see declaration of '_snprintf'
     1>c:\users\youbiidrissi\badr\informatique\programming\c++\tutorialfiles\oglsuperbible5-read-only\freeglut-2.6.0\src\freeglut_joystick.c(1031): warning C4996: '_snprintf': This function or variable may be unsafe. Consider using _snprintf_s instead. To disable deprecation, use _CRT_SECURE_NO_WARNINGS. See online help for details.
                 c:\program files (x86)\microsoft visual studio 10.0\vc\include\stdio.h(363) : see declaration of '_snprintf'
     1>c:\users\youbiidrissi\badr\informatique\programming\c++\tutorialfiles\oglsuperbible5-read-only\freeglut-2.6.0\src\freeglut_joystick.c(1039): warning C4996: '_snprintf': This function or variable may be unsafe. Consider using _snprintf_s instead. To disable deprecation, use _CRT_SECURE_NO_WARNINGS. See online help for details.
                 c:\program files (x86)\microsoft visual studio 10.0\vc\include\stdio.h(363) : see declaration of '_snprintf'
     1>c:\users\youbiidrissi\badr\informatique\programming\c++\tutorialfiles\oglsuperbible5-read-only\freeglut-2.6.0\src\freeglut_joystick.c(1273): warning C4996: 'strncpy': This function or variable may be unsafe. Consider using strncpy_s instead. To disable deprecation, use _CRT_SECURE_NO_WARNINGS. See online help for details.
                 c:\program files (x86)\microsoft visual studio 10.0\vc\include\string.h(188) : see declaration of 'strncpy'
         freeglut_input_devices.c
     1>c:\users\youbiidrissi\badr\informatique\programming\c++\tutorialfiles\oglsuperbible5-read-only\freeglut-2.6.0\src\freeglut_input_devices.c(152): warning C4996: 'getenv': This function or variable may be unsafe. Consider using _dupenv_s instead. To disable deprecation, use _CRT_SECURE_NO_WARNINGS. See online help for details.
                 c:\program files (x86)\microsoft visual studio 10.0\vc\include\stdlib.h(433) : see declaration of 'getenv'
         freeglut_init.c
     1>c:\users\youbiidrissi\badr\informatique\programming\c++\tutorialfiles\oglsuperbible5-read-only\freeglut-2.6.0\src\freeglut_init.c(717): warning C4996: 'getenv': This function or variable may be unsafe. Consider using _dupenv_s instead. To disable deprecation, use _CRT_SECURE_NO_WARNINGS. See online help for details.
                 c:\program files (x86)\microsoft visual studio 10.0\vc\include\stdlib.h(433) : see declaration of 'getenv'
     1>c:\users\youbiidrissi\badr\informatique\programming\c++\tutorialfiles\oglsuperbible5-read-only\freeglut-2.6.0\src\freeglut_init.c(722): warning C4996: 'sscanf': This function or variable may be unsafe. Consider using sscanf_s instead. To disable deprecation, use _CRT_SECURE_NO_WARNINGS. See online help for details.
                 c:\program files (x86)\microsoft visual studio 10.0\vc\include\stdio.h(325) : see declaration of 'sscanf'
     1>c:\users\youbiidrissi\badr\informatique\programming\c++\tutorialfiles\oglsuperbible5-read-only\freeglut-2.6.0\src\freeglut_init.c(741): warning C4996: 'getenv': This function or variable may be unsafe. Consider using _dupenv_s instead. To disable deprecation, use _CRT_SECURE_NO_WARNINGS. See online help for details.
                 c:\program files (x86)\microsoft visual studio 10.0\vc\include\stdlib.h(433) : see declaration of 'getenv'
     1>c:\users\youbiidrissi\badr\informatique\programming\c++\tutorialfiles\oglsuperbible5-read-only\freeglut-2.6.0\src\freeglut_init.c(685): warning C4101: 'sLen' : unreferenced local variable
         freeglut_glutfont_definitions.c
         freeglut_geometry.c
         freeglut_gamemode.c
     1>c:\users\youbiidrissi\badr\informatique\programming\c++\tutorialfiles\oglsuperbible5-read-only\freeglut-2.6.0\src\freeglut_gamemode.c(394): warning C4996: 'sscanf': This function or variable may be unsafe. Consider using sscanf_s instead. To disable deprecation, use _CRT_SECURE_NO_WARNINGS. See online help for details.
                 c:\program files (x86)\microsoft visual studio 10.0\vc\include\stdio.h(325) : see declaration of 'sscanf'
     1>c:\users\youbiidrissi\badr\informatique\programming\c++\tutorialfiles\oglsuperbible5-read-only\freeglut-2.6.0\src\freeglut_gamemode.c(395): warning C4996: 'sscanf': This function or variable may be unsafe. Consider using sscanf_s instead. To disable deprecation, use _CRT_SECURE_NO_WARNINGS. See online help for details.
                 c:\program files (x86)\microsoft visual studio 10.0\vc\include\stdio.h(325) : see declaration of 'sscanf'
     1>c:\users\youbiidrissi\badr\informatique\programming\c++\tutorialfiles\oglsuperbible5-read-only\freeglut-2.6.0\src\freeglut_gamemode.c(396): warning C4996: 'sscanf': This function or variable may be unsafe. Consider using sscanf_s instead. To disable deprecation, use _CRT_SECURE_NO_WARNINGS. See online help for details.
                 c:\program files (x86)\microsoft visual studio 10.0\vc\include\stdio.h(325) : see declaration of 'sscanf'
     1>c:\users\youbiidrissi\badr\informatique\programming\c++\tutorialfiles\oglsuperbible5-read-only\freeglut-2.6.0\src\freeglut_gamemode.c(397): warning C4996: 'sscanf': This function or variable may be unsafe. Consider using sscanf_s instead. To disable deprecation, use _CRT_SECURE_NO_WARNINGS. See online help for details.
                 c:\program files (x86)\microsoft visual studio 10.0\vc\include\stdio.h(325) : see declaration of 'sscanf'
     1>c:\users\youbiidrissi\badr\informatique\programming\c++\tutorialfiles\oglsuperbible5-read-only\freeglut-2.6.0\src\freeglut_gamemode.c(398): warning C4996: 'sscanf': This function or variable may be unsafe. Consider using sscanf_s instead. To disable deprecation, use _CRT_SECURE_NO_WARNINGS. See online help for details.
                 c:\program files (x86)\microsoft visual studio 10.0\vc\include\stdio.h(325) : see declaration of 'sscanf'
     1>c:\users\youbiidrissi\badr\informatique\programming\c++\tutorialfiles\oglsuperbible5-read-only\freeglut-2.6.0\src\freeglut_gamemode.c(399): warning C4996: 'sscanf': This function or variable may be unsafe. Consider using sscanf_s instead. To disable deprecation, use _CRT_SECURE_NO_WARNINGS. See online help for details.
                 c:\program files (x86)\microsoft visual studio 10.0\vc\include\stdio.h(325) : see declaration of 'sscanf'
     1>c:\users\youbiidrissi\badr\informatique\programming\c++\tutorialfiles\oglsuperbible5-read-only\freeglut-2.6.0\src\freeglut_gamemode.c(400): warning C4996: 'sscanf': This function or variable may be unsafe. Consider using sscanf_s instead. To disable deprecation, use _CRT_SECURE_NO_WARNINGS. See online help for details.
                 c:\program files (x86)\microsoft visual studio 10.0\vc\include\stdio.h(325) : see declaration of 'sscanf'
         freeglut_font_data.c
         freeglut_font.c
         Generating Code...
         Compiling...
         freeglut_ext.c
         freeglut_display.c
         freeglut_cursor.c
         freeglut_callbacks.c
         Generating Code...
       ResourceCompile:
         C:\Program Files (x86)\Microsoft SDKs\Windows\v7.0A\bin\rc.exe /D _DEBUG /l"0x0409" /nologo /fo"Debug\freeglut.res" ..\freeglut.rc 
       ManifestResourceCompile:
         C:\Program Files (x86)\Microsoft SDKs\Windows\v7.0A\bin\rc.exe /nologo /fo"Debug\freeglut.dll.embed.manifest.res" Debug\freeglut_manifest.rc 
       Link:
         c:\Program Files (x86)\Microsoft Visual Studio 10.0\VC\bin\link.exe /ERRORREPORT:PROMPT /OUT:"C:\Users\YoubiIdrissi\Badr\Informatique\Programming\C++\TutorialFiles\oglsuperbible5-read-only\freeglut-2.6.0\VisualStudio2008\Debug\freeglut.dll" /INCREMENTAL /NOLOGO kernel32.lib user32.lib gdi32.lib winspool.lib comdlg32.lib advapi32.lib shell32.lib ole32.lib oleaut32.lib uuid.lib odbc32.lib odbccp32.lib /DEF:"..\src\freeglutdll.def" /MANIFEST /ManifestFile:"Debug\freeglut.dll.intermediate.manifest" /MANIFESTUAC:"level='asInvoker' uiAccess='false'" /DEBUG /PDB:"C:\Users\YoubiIdrissi\Badr\Informatique\Programming\C++\TutorialFiles\oglsuperbible5-read-only\freeglut-2.6.0\VisualStudio2008\Debug\freeglut.pdb" /TLBID:1 /DYNAMICBASE:NO /IMPLIB:"C:\Users\YoubiIdrissi\Badr\Informatique\Programming\C++\TutorialFiles\oglsuperbible5-read-only\freeglut-2.6.0\VisualStudio2008\Debug\freeglut.lib" /MACHINE:X86 /DLL Debug\freeglut.res
         Debug\freeglut.dll.embed.manifest.res
         Debug\freeglut_callbacks.obj
         Debug\freeglut_cursor.obj
         Debug\freeglut_display.obj
         Debug\freeglut_ext.obj
         Debug\freeglut_font.obj
         Debug\freeglut_font_data.obj
         Debug\freeglut_gamemode.obj
         Debug\freeglut_geometry.obj
         Debug\freeglut_glutfont_definitions.obj
         Debug\freeglut_init.obj
         Debug\freeglut_input_devices.obj
         Debug\freeglut_joystick.obj
         Debug\freeglut_main.obj
         Debug\freeglut_menu.obj
         Debug\freeglut_misc.obj
         Debug\freeglut_overlay.obj
         Debug\freeglut_spaceball.obj
         Debug\freeglut_state.obj
         Debug\freeglut_stroke_mono_roman.obj
         Debug\freeglut_stroke_roman.obj
         Debug\freeglut_structure.obj
         Debug\freeglut_teapot.obj
         Debug\freeglut_videoresize.obj
         Debug\freeglut_window.obj
            Creating library C:\Users\YoubiIdrissi\Badr\Informatique\Programming\C++\TutorialFiles\oglsuperbible5-read-only\freeglut-2.6.0\VisualStudio2008\Debug\freeglut.lib and object C:\Users\YoubiIdrissi\Badr\Informatique\Programming\C++\TutorialFiles\oglsuperbible5-read-only\freeglut-2.6.0\VisualStudio2008\Debug\freeglut.exp
       Manifest:
         C:\Program Files (x86)\Microsoft SDKs\Windows\v7.0A\bin\mt.exe /nologo /verbose /out:"Debug\freeglut.dll.embed.manifest" /manifest Debug\freeglut.dll.intermediate.manifest
         C:\Program Files (x86)\Microsoft SDKs\Windows\v7.0A\bin\rc.exe /nologo /fo"Debug\freeglut.dll.embed.manifest.res" Debug\freeglut_manifest.rc 
       LinkEmbedManifest:
         c:\Program Files (x86)\Microsoft Visual Studio 10.0\VC\bin\link.exe /ERRORREPORT:PROMPT /OUT:"C:\Users\YoubiIdrissi\Badr\Informatique\Programming\C++\TutorialFiles\oglsuperbible5-read-only\freeglut-2.6.0\VisualStudio2008\Debug\freeglut.dll" /INCREMENTAL /NOLOGO kernel32.lib user32.lib gdi32.lib winspool.lib comdlg32.lib advapi32.lib shell32.lib ole32.lib oleaut32.lib uuid.lib odbc32.lib odbccp32.lib /DEF:"..\src\freeglutdll.def" /MANIFEST /ManifestFile:"Debug\freeglut.dll.intermediate.manifest" /MANIFESTUAC:"level='asInvoker' uiAccess='false'" /DEBUG /PDB:"C:\Users\YoubiIdrissi\Badr\Informatique\Programming\C++\TutorialFiles\oglsuperbible5-read-only\freeglut-2.6.0\VisualStudio2008\Debug\freeglut.pdb" /TLBID:1 /DYNAMICBASE:NO /IMPLIB:"C:\Users\YoubiIdrissi\Badr\Informatique\Programming\C++\TutorialFiles\oglsuperbible5-read-only\freeglut-2.6.0\VisualStudio2008\Debug\freeglut.lib" /MACHINE:X86 /DLL Debug\freeglut.res
         Debug\freeglut.dll.embed.manifest.res
         Debug\freeglut_callbacks.obj
         Debug\freeglut_cursor.obj
         Debug\freeglut_display.obj
         Debug\freeglut_ext.obj
         Debug\freeglut_font.obj
         Debug\freeglut_font_data.obj
         Debug\freeglut_gamemode.obj
         Debug\freeglut_geometry.obj
         Debug\freeglut_glutfont_definitions.obj
         Debug\freeglut_init.obj
         Debug\freeglut_input_devices.obj
         Debug\freeglut_joystick.obj
         Debug\freeglut_main.obj
         Debug\freeglut_menu.obj
         Debug\freeglut_misc.obj
         Debug\freeglut_overlay.obj
         Debug\freeglut_spaceball.obj
         Debug\freeglut_state.obj
         Debug\freeglut_stroke_mono_roman.obj
         Debug\freeglut_stroke_roman.obj
         Debug\freeglut_structure.obj
         Debug\freeglut_teapot.obj
         Debug\freeglut_videoresize.obj
         Debug\freeglut_window.obj
         freeglut.vcxproj -> C:\Users\YoubiIdrissi\Badr\Informatique\Programming\C++\TutorialFiles\oglsuperbible5-read-only\freeglut-2.6.0\VisualStudio2008\Debug\freeglut.dll
       FinalizeBuildStatus:
         Deleting file "Debug\freeglut.unsuccessfulbuild".
         Touching "Debug\freeglut.lastbuildstate".
     1>Done Building Project "C:\Users\YoubiIdrissi\Badr\Informatique\Programming\C++\TutorialFiles\oglsuperbible5-read-only\freeglut-2.6.0\VisualStudio2008\freeglut.vcxproj" (build target(s)).

Build succeeded.

Time Elapsed 00:00:04.87
