Build started 6/17/2013 8:40:39 AM.
     1>Project "C:\Users\Cetos\Cetos-Ignis\My Programs\Opengl\Opengl\Chapter2\Chapter2.vcxproj" on node 2 (build target(s)).
     1>InitializeBuildStatus:
         Creating "Debug\Chapter2.unsuccessfulbuild" because "AlwaysCreate" was specified.
       ClCompile:
         C:\Program Files (x86)\Microsoft Visual Studio 10.0\VC\bin\CL.exe /c /I"C:\Users\Cetos\Cetos-Ignis\My Programs\Opengl\SuperBible5\freeglut-2.6.0\include" /I"C:\Users\Cetos\Cetos-Ignis\My Programs\Opengl\SuperBible5\Src\GLTools\include" /ZI /nologo /W3 /WX- /Od /Oy- /D WIN32 /D _DEBUG /D _CONSOLE /D _UNICODE /D UNICODE /Gm /EHsc /RTC1 /MDd /GS /fp:precise /Zc:wchar_t /Zc:forScope /Fo"Debug\\" /Fd"Debug\vc100.pdb" /Gd /TP /analyze- /errorReport:prompt Triangle.cpp
         Triangle.cpp
       ManifestResourceCompile:
         C:\Program Files (x86)\Microsoft SDKs\Windows\v7.0A\bin\rc.exe /nologo /fo"Debug\Chapter2.exe.embed.manifest.res" Debug\Chapter2_manifest.rc 
       Link:
         C:\Program Files (x86)\Microsoft Visual Studio 10.0\VC\bin\link.exe /ERRORREPORT:PROMPT /OUT:"C:\Users\Cetos\Cetos-Ignis\My Programs\Opengl\Opengl\Debug\Chapter2.exe" /INCREMENTAL /NOLOGO kernel32.lib user32.lib gdi32.lib winspool.lib comdlg32.lib advapi32.lib shell32.lib ole32.lib oleaut32.lib uuid.lib odbc32.lib odbccp32.lib /MANIFEST /ManifestFile:"Debug\Chapter2.exe.intermediate.manifest" /MANIFESTUAC:"level='asInvoker' uiAccess='false'" /DEBUG /PDB:"C:\Users\Cetos\Cetos-Ignis\My Programs\Opengl\Opengl\Debug\Chapter2.pdb" /SUBSYSTEM:CONSOLE /TLBID:1 /DYNAMICBASE /NXCOMPAT /IMPLIB:"C:\Users\Cetos\Cetos-Ignis\My Programs\Opengl\Opengl\Debug\Chapter2.lib" /MACHINE:X86 Debug\Chapter2.exe.embed.manifest.res
         Debug\Triangle.obj
         ..\freeglut.lib
         ..\freeglut_static.lib
         ..\gltools.lib
         LINK : C:\Users\Cetos\Cetos-Ignis\My Programs\Opengl\Opengl\Debug\Chapter2.exe not found or not built by the last incremental link; performing full link
     1>LINK : warning LNK4098: defaultlib 'LIBCMT' conflicts with use of other libs; use /NODEFAULTLIB:library
     1>freeglut_static.lib(freeglut_callbacks.obj) : warning LNK4099: PDB 'vc100.pdb' was not found with 'freeglut_static.lib(freeglut_callbacks.obj)' or at 'C:\Users\Cetos\Cetos-Ignis\My Programs\Opengl\Opengl\Debug\vc100.pdb'; linking object as if no debug info
     1>freeglut_static.lib(freeglut_cursor.obj) : warning LNK4099: PDB 'vc100.pdb' was not found with 'freeglut_static.lib(freeglut_cursor.obj)' or at 'C:\Users\Cetos\Cetos-Ignis\My Programs\Opengl\Opengl\Debug\vc100.pdb'; linking object as if no debug info
     1>freeglut_static.lib(freeglut_display.obj) : warning LNK4099: PDB 'vc100.pdb' was not found with 'freeglut_static.lib(freeglut_display.obj)' or at 'C:\Users\Cetos\Cetos-Ignis\My Programs\Opengl\Opengl\Debug\vc100.pdb'; linking object as if no debug info
     1>freeglut_static.lib(freeglut_font.obj) : warning LNK4099: PDB 'vc100.pdb' was not found with 'freeglut_static.lib(freeglut_font.obj)' or at 'C:\Users\Cetos\Cetos-Ignis\My Programs\Opengl\Opengl\Debug\vc100.pdb'; linking object as if no debug info
     1>freeglut_static.lib(freeglut_font_data.obj) : warning LNK4099: PDB 'vc100.pdb' was not found with 'freeglut_static.lib(freeglut_font_data.obj)' or at 'C:\Users\Cetos\Cetos-Ignis\My Programs\Opengl\Opengl\Debug\vc100.pdb'; linking object as if no debug info
     1>freeglut_static.lib(freeglut_init.obj) : warning LNK4099: PDB 'vc100.pdb' was not found with 'freeglut_static.lib(freeglut_init.obj)' or at 'C:\Users\Cetos\Cetos-Ignis\My Programs\Opengl\Opengl\Debug\vc100.pdb'; linking object as if no debug info
     1>freeglut_static.lib(freeglut_input_devices.obj) : warning LNK4099: PDB 'vc100.pdb' was not found with 'freeglut_static.lib(freeglut_input_devices.obj)' or at 'C:\Users\Cetos\Cetos-Ignis\My Programs\Opengl\Opengl\Debug\vc100.pdb'; linking object as if no debug info
     1>freeglut_static.lib(freeglut_joystick.obj) : warning LNK4099: PDB 'vc100.pdb' was not found with 'freeglut_static.lib(freeglut_joystick.obj)' or at 'C:\Users\Cetos\Cetos-Ignis\My Programs\Opengl\Opengl\Debug\vc100.pdb'; linking object as if no debug info
     1>freeglut_static.lib(freeglut_main.obj) : warning LNK4099: PDB 'vc100.pdb' was not found with 'freeglut_static.lib(freeglut_main.obj)' or at 'C:\Users\Cetos\Cetos-Ignis\My Programs\Opengl\Opengl\Debug\vc100.pdb'; linking object as if no debug info
     1>freeglut_static.lib(freeglut_menu.obj) : warning LNK4099: PDB 'vc100.pdb' was not found with 'freeglut_static.lib(freeglut_menu.obj)' or at 'C:\Users\Cetos\Cetos-Ignis\My Programs\Opengl\Opengl\Debug\vc100.pdb'; linking object as if no debug info
     1>freeglut_static.lib(freeglut_spaceball.obj) : warning LNK4099: PDB 'vc100.pdb' was not found with 'freeglut_static.lib(freeglut_spaceball.obj)' or at 'C:\Users\Cetos\Cetos-Ignis\My Programs\Opengl\Opengl\Debug\vc100.pdb'; linking object as if no debug info
     1>freeglut_static.lib(freeglut_state.obj) : warning LNK4099: PDB 'vc100.pdb' was not found with 'freeglut_static.lib(freeglut_state.obj)' or at 'C:\Users\Cetos\Cetos-Ignis\My Programs\Opengl\Opengl\Debug\vc100.pdb'; linking object as if no debug info
     1>freeglut_static.lib(freeglut_stroke_mono_roman.obj) : warning LNK4099: PDB 'vc100.pdb' was not found with 'freeglut_static.lib(freeglut_stroke_mono_roman.obj)' or at 'C:\Users\Cetos\Cetos-Ignis\My Programs\Opengl\Opengl\Debug\vc100.pdb'; linking object as if no debug info
     1>freeglut_static.lib(freeglut_stroke_roman.obj) : warning LNK4099: PDB 'vc100.pdb' was not found with 'freeglut_static.lib(freeglut_stroke_roman.obj)' or at 'C:\Users\Cetos\Cetos-Ignis\My Programs\Opengl\Opengl\Debug\vc100.pdb'; linking object as if no debug info
     1>freeglut_static.lib(freeglut_structure.obj) : warning LNK4099: PDB 'vc100.pdb' was not found with 'freeglut_static.lib(freeglut_structure.obj)' or at 'C:\Users\Cetos\Cetos-Ignis\My Programs\Opengl\Opengl\Debug\vc100.pdb'; linking object as if no debug info
     1>freeglut_static.lib(freeglut_window.obj) : warning LNK4099: PDB 'vc100.pdb' was not found with 'freeglut_static.lib(freeglut_window.obj)' or at 'C:\Users\Cetos\Cetos-Ignis\My Programs\Opengl\Opengl\Debug\vc100.pdb'; linking object as if no debug info
     1>gltools.lib(GLBatch.obj) : warning LNK4099: PDB 'vc90.pdb' was not found with 'gltools.lib(GLBatch.obj)' or at 'C:\Users\Cetos\Cetos-Ignis\My Programs\Opengl\Opengl\Debug\vc90.pdb'; linking object as if no debug info
     1>gltools.lib(glew.obj) : warning LNK4099: PDB 'vc90.pdb' was not found with 'gltools.lib(glew.obj)' or at 'C:\Users\Cetos\Cetos-Ignis\My Programs\Opengl\Opengl\Debug\vc90.pdb'; linking object as if no debug info
     1>gltools.lib(GLShaderManager.obj) : warning LNK4099: PDB 'vc90.pdb' was not found with 'gltools.lib(GLShaderManager.obj)' or at 'C:\Users\Cetos\Cetos-Ignis\My Programs\Opengl\Opengl\Debug\vc90.pdb'; linking object as if no debug info
     1>gltools.lib(GLTools.obj) : warning LNK4099: PDB 'vc90.pdb' was not found with 'gltools.lib(GLTools.obj)' or at 'C:\Users\Cetos\Cetos-Ignis\My Programs\Opengl\Opengl\Debug\vc90.pdb'; linking object as if no debug info
     1>gltools.lib(GLTriangleBatch.obj) : warning LNK4099: PDB 'vc90.pdb' was not found with 'gltools.lib(GLTriangleBatch.obj)' or at 'C:\Users\Cetos\Cetos-Ignis\My Programs\Opengl\Opengl\Debug\vc90.pdb'; linking object as if no debug info
       Manifest:
         C:\Program Files (x86)\Microsoft SDKs\Windows\v7.0A\bin\mt.exe /nologo /verbose /out:"Debug\Chapter2.exe.embed.manifest" /manifest Debug\Chapter2.exe.intermediate.manifest
         All outputs are up-to-date.
       LinkEmbedManifest:
         All outputs are up-to-date.
         Chapter2.vcxproj -> C:\Users\Cetos\Cetos-Ignis\My Programs\Opengl\Opengl\Debug\Chapter2.exe
       FinalizeBuildStatus:
         Deleting file "Debug\Chapter2.unsuccessfulbuild".
         Touching "Debug\Chapter2.lastbuildstate".
     1>Done Building Project "C:\Users\Cetos\Cetos-Ignis\My Programs\Opengl\Opengl\Chapter2\Chapter2.vcxproj" (build target(s)).

Build succeeded.

Time Elapsed 00:00:03.09
