Build started 13/06/2013 09:23:20.
     1>Project "C:\Users\YoubiIdrissi\Badr\Informatique\Programming\C++\TutorialFiles\oglsuperbible5-read-only\freeglut-2.6.0\VisualStudio2008\One\One.vcxproj" on node 2 (build target(s)).
     1>InitializeBuildStatus:
         Création de "Debug\One.unsuccessfulbuild", car "AlwaysCreate" a été spécifié.
       ClCompile:
         c:\Program Files (x86)\Microsoft Visual Studio 10.0\VC\bin\CL.exe /c /I..\..\include /ZI /nologo /W3 /WX- /Od /Oy- /D WIN32 /D _DEBUG /D _CONSOLE /D _UNICODE /D UNICODE /Gm /EHsc /RTC1 /MDd /GS /fp:precise /Zc:wchar_t /Zc:forScope /Fo"Debug\\" /Fd"Debug\vc100.pdb" /Gd /TC /analyze- /errorReport:prompt ..\..\progs\demos\One\one.c
         one.c
       ManifestResourceCompile:
         C:\Program Files (x86)\Microsoft SDKs\Windows\v7.0A\bin\rc.exe /nologo /fo"Debug\One.exe.embed.manifest.res" Debug\One_manifest.rc 
       Link:
         c:\Program Files (x86)\Microsoft Visual Studio 10.0\VC\bin\link.exe /ERRORREPORT:PROMPT /OUT:"C:\Users\YoubiIdrissi\Badr\Informatique\Programming\C++\TutorialFiles\oglsuperbible5-read-only\freeglut-2.6.0\VisualStudio2008\Debug\One.exe" /INCREMENTAL /NOLOGO kernel32.lib user32.lib gdi32.lib winspool.lib comdlg32.lib advapi32.lib shell32.lib ole32.lib oleaut32.lib uuid.lib odbc32.lib odbccp32.lib /MANIFEST /ManifestFile:"Debug\One.exe.intermediate.manifest" /MANIFESTUAC:"level='asInvoker' uiAccess='false'" /DEBUG /PDB:"C:\Users\YoubiIdrissi\Badr\Informatique\Programming\C++\TutorialFiles\oglsuperbible5-read-only\freeglut-2.6.0\VisualStudio2008\Debug\One.pdb" /SUBSYSTEM:CONSOLE /TLBID:1 /DYNAMICBASE /NXCOMPAT /IMPLIB:"C:\Users\YoubiIdrissi\Badr\Informatique\Programming\C++\TutorialFiles\oglsuperbible5-read-only\freeglut-2.6.0\VisualStudio2008\Debug\One.lib" /MACHINE:X86 Debug\One.exe.embed.manifest.res
         Debug\one.obj
         "C:\Users\YoubiIdrissi\Badr\Informatique\Programming\C++\TutorialFiles\oglsuperbible5-read-only\freeglut-2.6.0\VisualStudio2008\Debug\freeglut.lib"
       Manifest:
         C:\Program Files (x86)\Microsoft SDKs\Windows\v7.0A\bin\mt.exe /nologo /verbose /out:"Debug\One.exe.embed.manifest" /manifest Debug\One.exe.intermediate.manifest
         C:\Program Files (x86)\Microsoft SDKs\Windows\v7.0A\bin\rc.exe /nologo /fo"Debug\One.exe.embed.manifest.res" Debug\One_manifest.rc 
       LinkEmbedManifest:
         c:\Program Files (x86)\Microsoft Visual Studio 10.0\VC\bin\link.exe /ERRORREPORT:PROMPT /OUT:"C:\Users\YoubiIdrissi\Badr\Informatique\Programming\C++\TutorialFiles\oglsuperbible5-read-only\freeglut-2.6.0\VisualStudio2008\Debug\One.exe" /INCREMENTAL /NOLOGO kernel32.lib user32.lib gdi32.lib winspool.lib comdlg32.lib advapi32.lib shell32.lib ole32.lib oleaut32.lib uuid.lib odbc32.lib odbccp32.lib /MANIFEST /ManifestFile:"Debug\One.exe.intermediate.manifest" /MANIFESTUAC:"level='asInvoker' uiAccess='false'" /DEBUG /PDB:"C:\Users\YoubiIdrissi\Badr\Informatique\Programming\C++\TutorialFiles\oglsuperbible5-read-only\freeglut-2.6.0\VisualStudio2008\Debug\One.pdb" /SUBSYSTEM:CONSOLE /TLBID:1 /DYNAMICBASE /NXCOMPAT /IMPLIB:"C:\Users\YoubiIdrissi\Badr\Informatique\Programming\C++\TutorialFiles\oglsuperbible5-read-only\freeglut-2.6.0\VisualStudio2008\Debug\One.lib" /MACHINE:X86 Debug\One.exe.embed.manifest.res
         Debug\one.obj
         "C:\Users\YoubiIdrissi\Badr\Informatique\Programming\C++\TutorialFiles\oglsuperbible5-read-only\freeglut-2.6.0\VisualStudio2008\Debug\freeglut.lib"
         One.vcxproj -> C:\Users\YoubiIdrissi\Badr\Informatique\Programming\C++\TutorialFiles\oglsuperbible5-read-only\freeglut-2.6.0\VisualStudio2008\Debug\One.exe
       FinalizeBuildStatus:
         Suppression du fichier "Debug\One.unsuccessfulbuild".
         Mise à jour de l'horodatage "Debug\One.lastbuildstate".
     1>Done Building Project "C:\Users\YoubiIdrissi\Badr\Informatique\Programming\C++\TutorialFiles\oglsuperbible5-read-only\freeglut-2.6.0\VisualStudio2008\One\One.vcxproj" (build target(s)).

Build succeeded.

Time Elapsed 00:00:01.30
